ID - TITLE - CATEGORY_ID - NAME
MLA912271216 -  Apc Smart-ups Rc Src1ki-ar 1000va Con Entrada Y Salida De 230v  Negro - MLA1720 - MLA-STABILIZERS_AND_UPS
MLA912270438 -  Apc Back-ups Bx1100ci-ar 1100va Con Entrada Y Salida De 230v  Negro - MLA1720 - MLA-STABILIZERS_AND_UPS
MLA912269991 -  Apc Back-ups Br900g-ar 900va Con Entrada Y Salida De 230v  Negro - MLA1720 - MLA-STABILIZERS_AND_UPS
MLA912273972 -  Apc Back-ups Br550g-ar 550va Con Entrada Y Salida De 230v  Negro - MLA1720 - MLA-STABILIZERS_AND_UPS
MLA917202917 - Switch Cisco Sg110d-08 Serie 110 - MLA1708 - MLA-NETWORK_SWITCHES
MLA914765154 -  Apc Back-ups Bx550ci-ar 550va Con Entrada Y Salida De 230v  Negro - MLA1720 - MLA-STABILIZERS_AND_UPS
MLA884736096 - Router Cisco Rv Series Rv340  Negro 100v/240v - MLA430901 - MLA-ROUTERS_AND_WIRELESS_SYSTEMS
MLA863267784 - Monitor Gamer Dell Professional P2018h Led 20   Negro 100v/240v - MLA14407 - MLA-COMPUTER_MONITORS
MLA912269713 -  Apc Back-ups Pro 1200 Br1200g-ar 1200va Con Entrada Y Salida De 230v  Negro - MLA1720 - MLA-STABILIZERS_AND_UPS
MLA884735636 - Router Cisco Rv Series Rv345  Negro 100v/240v - MLA430901 - MLA-ROUTERS_AND_WIRELESS_SYSTEMS
MLA912273152 -  Apc Back-ups Pro 1500 Br1500g-ar 1500va Con Entrada Y Salida De 230v  Negro - MLA1720 - MLA-STABILIZERS_AND_UPS
MLA913997022 - Notebook Dell Vostro 3490 Negra 14 , Intel Core I5 10210u 8gb De Ram 1tb Hdd, Intel Uhd Graphics 60 Hz 1366x768px Windows 10 Pro - MLA1652 - MLA-NOTEBOOKS
MLA912273289 -  Apc Back-ups Bx800ci-ar 800va Con Entrada Y Salida De 230v  Negro - MLA1720 - MLA-STABILIZERS_AND_UPS
MLA917518416 - Switch Cisco Sg220-26p Small Business Serie 220 - MLA1708 - MLA-NETWORK_SWITCHES
MLA915941008 - Notebook Dell Inspiron 5593 Platinum Silver 15.6 , Intel Core I5 1035g1 8gb De Ram 256gb Ssd, Intel Uhd Graphics 1920x1080px Windows 10 Home - MLA1652 - MLA-NOTEBOOKS
MLA915943267 - Notebook Dell Inspiron 3501 Negra 15.6 , Intel Core I3 1005g1 4gb De Ram 1tb Hdd, Intel Uhd Graphics 60 Hz 1366x768px Linux Ubuntu - MLA1652 - MLA-NOTEBOOKS
MLA917516633 - Impresora Lexmark B2338dw Con Wifi 220v Gris Y Blanca - MLA1676 - MLA-PRINTERS
MLA843116615 - Monitor Gamer Dell P2419h Led 24   Negro 100v/240v - MLA14407 - MLA-COMPUTER_MONITORS
MLA874472550 - Router Linksys Ea-series Ea6100  Negro 100v/240v - MLA430901 - MLA-ROUTERS_AND_WIRELESS_SYSTEMS
MLA917515758 -  Apc Easy Ups Srv6ki 6000va Con Entrada Y Salida De 230v  Negro - MLA1720 - MLA-STABILIZERS_AND_UPS
MLA912272809 -  Apc Smart-ups Rc Src3000xli 3000va Con Entrada Y Salida De 230v  Negro - MLA1720 - MLA-STABILIZERS_AND_UPS
MLA917516307 -  Apc Smart-ups Srt Srt5kxli 5000va Con Entrada Y Salida De 230v  Negro - MLA1720 - MLA-STABILIZERS_AND_UPS
MLA876794922 - Impresora  Multifunción Lexmark Mb2546adwe Con Wifi 220v Gris Y Blanca - MLA1676 - MLA-PRINTERS
MLA917226782 - Router, Sistema Wi-fi Mesh Linksys Max-stream Mr6350  Negro 100v/240v - MLA430901 - MLA-ROUTERS_AND_WIRELESS_SYSTEMS
MLA917517444 - Switch Cisco Sg250-50p Serie 250 - MLA1708 - MLA-NETWORK_SWITCHES
MLA917489372 - Memoria Ram Valueram 8gb 1x8gb Kingston Kvr24s17s8/8 - MLA1694 - MLA-RAM_MEMORY_MODULES
MLA917206008 - Switch Cisco Sg100-16 Small Business Serie 100 - MLA1708 - MLA-NETWORK_SWITCHES
MLA917080102 - Monitor Gamer Dell Professional P2719h Led 27   Negro 100v/240v - MLA14407 - MLA-COMPUTER_MONITORS
MLA912274211 -  Apc Smart-ups Smt3000r2i-ar 3000va Con Entrada Y Salida De 220v/240v  Negro - MLA1720 - MLA-STABILIZERS_AND_UPS
MLA912273096 -  Apc Easy Ups Srv3000 Srv3ki-ar 3000va Con Entrada Y Salida De 220v/240v  Negro - MLA1720 - MLA-STABILIZERS_AND_UPS
MLA870593130 - Access Point, Repetidor, Router Linksys Max-stream Ea8300  Negro 100v/240v - MLA430901 - MLA-ROUTERS_AND_WIRELESS_SYSTEMS
MLA914898074 - Notebook Dell Vostro 3490 Negra 14 , Intel Core I5 10210u 8gb De Ram 1tb Hdd 240gb Ssd, Intel Uhd Graphics 60 Hz 1366x768px Windows 10 Pro - MLA1652 - MLA-NOTEBOOKS
MLA917459294 - Disco Duro Interno Western Digital Wd Av-25 Wd5000luct 500gb Blanco - MLA1672 - MLA-HARD_DRIVES_AND_SSDS
MLA884735834 - Repetidor Linksys Re6500  Negro - MLA430901 - MLA-ROUTERS_AND_WIRELESS_SYSTEMS
MLA917486869 - Monitor Dell E2720h Led 27   Negro 100v/240v - MLA14407 - MLA-COMPUTER_MONITORS
MLA914895665 - Notebook Dell Vostro 3490 Negra 14 , Intel Core I5 10210u 4gb De Ram 1tb Hdd, Intel Hd Graphics 60 Hz 1366x768px Windows 10 Pro - MLA1652 - MLA-NOTEBOOKS
MLA917206050 - Switch Cisco Sg350-52 Sg Serie 350 - MLA1708 - MLA-NETWORK_SWITCHES
MLA917206103 - Switch Cisco Sg350-28p Serie 350 - MLA1708 - MLA-NETWORK_SWITCHES
MLA917487099 - Monitor Dell E2420h Led 24   Negro 100v/240v - MLA14407 - MLA-COMPUTER_MONITORS
MLA875194522 - Router Linksys Wrt3200acm  Azul/negro - MLA430901 - MLA-ROUTERS_AND_WIRELESS_SYSTEMS
MLA914634860 - Access Point Interior Cisco 100 Series Wap150  Blanco - MLA430901 - MLA-ROUTERS_AND_WIRELESS_SYSTEMS
MLA917485457 - Monitor Dell E Series E2220h Led 22   Negro 100v/240v - MLA14407 - MLA-COMPUTER_MONITORS
MLA604049998 - Ups Apc Easy Bv650i-ar 650va Gtia Oficial 2 Años Bv650 - MLA1720 - MLA-STABILIZERS_AND_UPS
MLA696010903 - Ups Apc Src2ki-ar 2000va Online Tower Src2ki - MLA1720 - MLA-STABILIZERS_AND_UPS
MLA696009826 - Ups Apc 1000va Online Tower Gtia 2 Años - MLA1720 - MLA-STABILIZERS_AND_UPS
MLA614718493 - Ups Apc Bx1100ci Para Tv, Play, Audio, 6 Tomas Estabilizador - MLA1720 - MLA-STABILIZERS_AND_UPS
MLA917605314 - Notebook Dell Vostro I5 11g 16gb 1tb +.240ssd Windows Pro 10 - MLA1652 - MLA-NOTEBOOKS
MLA905177466 - Ups Apc Src1ki-ar 1000va Online Tower Src1ki Gtia 2 Años - MLA1719 - MLA-STABILIZERS_AND_UPS
MLA835614791 - Sf250-48-k9-ar Switch 48p Cisco Sf250-48 10/100 Rack - MLA1708 - MLA-NETWORK_SWITCHES
MLA673321805 - Ups Apc 1500va Estabilizador Y Protector De Tension - Alto Rendimiento Para Pc De Hogar Y Oficina Gtia 2años - MLA1720 - MLA-STABILIZERS_AND_UPS
